Arguments: 
  C:\Program Files\nodejs\node.exe C:\Program Files\nodejs\node_modules\yarn\bin\yarn.js dev

PATH: 
  C:\Windows\system32;C:\Windows;C:\Windows\System32\Wbem;C:\Windows\System32\WindowsPowerShell\v1.0\;C:\Windows\System32\OpenSSH\;C:\Users\lulae\AppData\Roaming\nvm;C:\Program Files\nodejs;C:\Users\lulae\AppData\Local\Programs\Hyper\resources\bin;C:\ProgramData\chocolatey\bin;C:\Program Files\Git\cmd;C:\Program Files\jdk-19\bin;C:\Program Files\OpenSSL\bin;C:\Strawberry\c\bin;C:\Strawberry\perl\site\bin;C:\Strawberry\perl\bin;C:\Program Files\dotnet\;C:\Users\lulae\AppData\Local\Programs\Python\Python310\Scripts\;C:\Users\lulae\AppData\Local\Programs\Python\Python310\;C:\Users\lulae\AppData\Local\Microsoft\WindowsApps;C:\Users\lulae\AppData\Local\Programs\Microsoft VS Code\bin;C:\Users\lulae\AppData\Roaming\nvm;C:\Program Files\nodejs;C:\Users\lulae\AppData\Local\Programs\Hyper\resources\bin

Yarn version: 
  1.22.19

Node version: 
  16.16.0

Platform: 
  win32 x64

Trace: 
  SyntaxError: C:\Users\lulae\OneDrive\Documentos\Avraham Developer\bot\package.json: Unexpected token } in JSON at position 206
      at JSON.parse (<anonymous>)
      at C:\Users\lulae\AppData\Roaming\nvm\v16.16.0\node_modules\yarn\lib\cli.js:1629:59
      at Generator.next (<anonymous>)
      at step (C:\Users\lulae\AppData\Roaming\nvm\v16.16.0\node_modules\yarn\lib\cli.js:310:30)
      at C:\Users\lulae\AppData\Roaming\nvm\v16.16.0\node_modules\yarn\lib\cli.js:321:13

npm manifest: 
  {
    "name": "bot",
    "version": "1.0.0",
    "main": "src/index.ts",
    "license": "MIT",
    "scripts": {
      "dev": "cross-env NODE_ENV=development tsx watch . --transpile-only --ignore-watch node_modules",
    },
    "dependencies": {
      "discord.js": "^14.7.1",
      "dotenv": "^16.0.3",
      "zod": "^3.20.6"
    },
    "devDependencies": {
      "tsc": "^2.0.4",
      "tsx": "^3.12.3",
      "typescript": "^4.9.5"
    }
  }

yarn manifest: 
  No manifest

Lockfile: 
  # THIS IS AN AUTOGENERATED FILE. DO NOT EDIT THIS FILE DIRECTLY.
  # yarn lockfile v1
  
  
  "@discordjs/builders@^1.4.0":
    version "1.4.0"
    resolved "https://registry.yarnpkg.com/@discordjs/builders/-/builders-1.4.0.tgz#b951b5e6ce4e459cd06174ce50dbd51c254c1d47"
    integrity sha512-nEeTCheTTDw5kO93faM1j8ZJPonAX86qpq/QVoznnSa8WWcCgJpjlu6GylfINTDW6o7zZY0my2SYdxx2mfNwGA==
    dependencies:
      "@discordjs/util" "^0.1.0"
      "@sapphire/shapeshift" "^3.7.1"
      discord-api-types "^0.37.20"
      fast-deep-equal "^3.1.3"
      ts-mixer "^6.0.2"
      tslib "^2.4.1"
  
  "@discordjs/collection@^1.3.0":
    version "1.3.0"
    resolved "https://registry.yarnpkg.com/@discordjs/collection/-/collection-1.3.0.tgz#65bf9674db72f38c25212be562bb28fa0dba6aa3"
    integrity sha512-ylt2NyZ77bJbRij4h9u/wVy7qYw/aDqQLWnadjvDqW/WoWCxrsX6M3CIw9GVP5xcGCDxsrKj5e0r5evuFYwrKg==
  
  "@discordjs/rest@^1.4.0":
    version "1.5.0"
    resolved "https://registry.yarnpkg.com/@discordjs/rest/-/rest-1.5.0.tgz#dc15474ab98cf6f31291bf61bbc72bcf4f30cea2"
    integrity sha512-lXgNFqHnbmzp5u81W0+frdXN6Etf4EUi8FAPcWpSykKd8hmlWh1xy6BmE0bsJypU1pxohaA8lQCgp70NUI3uzA==
    dependencies:
      "@discordjs/collection" "^1.3.0"
      "@discordjs/util" "^0.1.0"
      "@sapphire/async-queue" "^1.5.0"
      "@sapphire/snowflake" "^3.2.2"
      discord-api-types "^0.37.23"
      file-type "^18.0.0"
      tslib "^2.4.1"
      undici "^5.13.0"
  
  "@discordjs/util@^0.1.0":
    version "0.1.0"
    resolved "https://registry.yarnpkg.com/@discordjs/util/-/util-0.1.0.tgz#e42ca1bf407bc6d9adf252877d1b206e32ba369a"
    integrity sha512-e7d+PaTLVQav6rOc2tojh2y6FE8S7REkqLldq1XF4soCx74XB/DIjbVbVLtBemf0nLW77ntz0v+o5DytKwFNLQ==
  
  "@esbuild-kit/cjs-loader@^2.4.2":
    version "2.4.2"
    resolved "https://registry.yarnpkg.com/@esbuild-kit/cjs-loader/-/cjs-loader-2.4.2.tgz#cb4dde00fbf744a68c4f20162ea15a8242d0fa54"
    integrity sha512-BDXFbYOJzT/NBEtp71cvsrGPwGAMGRB/349rwKuoxNSiKjPraNNnlK6MIIabViCjqZugu6j+xeMDlEkWdHHJSg==
    dependencies:
      "@esbuild-kit/core-utils" "^3.0.0"
      get-tsconfig "^4.4.0"
  
  "@esbuild-kit/core-utils@^3.0.0":
    version "3.1.0"
    resolved "https://registry.yarnpkg.com/@esbuild-kit/core-utils/-/core-utils-3.1.0.tgz#49945d533dbd5e1b7620aa0fc522c15e6ec089c5"
    integrity sha512-Uuk8RpCg/7fdHSceR1M6XbSZFSuMrxcePFuGgyvsBn+u339dk5OeL4jv2EojwTN2st/unJGsVm4qHWjWNmJ/tw==
    dependencies:
      esbuild "~0.17.6"
      source-map-support "^0.5.21"
  
  "@esbuild-kit/esm-loader@^2.5.5":
    version "2.5.5"
    resolved "https://registry.yarnpkg.com/@esbuild-kit/esm-loader/-/esm-loader-2.5.5.tgz#b82da14fcee3fc1d219869756c06f43f67d1ca71"
    integrity sha512-Qwfvj/qoPbClxCRNuac1Du01r9gvNOT+pMYtJDapfB1eoGN1YlJ1BixLyL9WVENRx5RXgNLdfYdx/CuswlGhMw==
    dependencies:
      "@esbuild-kit/core-utils" "^3.0.0"
      get-tsconfig "^4.4.0"
  
  "@esbuild/android-arm64@0.17.7":
    version "0.17.7"
    resolved "https://registry.yarnpkg.com/@esbuild/android-arm64/-/android-arm64-0.17.7.tgz#7d22b442815624423de5541545401e12a8d474d8"
    integrity sha512-fOUBZvcbtbQJIj2K/LMKcjULGfXLV9R4qjXFsi3UuqFhIRJHz0Fp6kFjsMFI6vLuPrfC5G9Dmh+3RZOrSKY2Lg==
  
  "@esbuild/android-arm@0.17.7":
    version "0.17.7"
    resolved "https://registry.yarnpkg.com/@esbuild/android-arm/-/android-arm-0.17.7.tgz#fa30de0cfae8e8416c693dc449c415765542483b"
    integrity sha512-Np6Lg8VUiuzHP5XvHU7zfSVPN4ILdiOhxA1GQ1uvCK2T2l3nI8igQV0c9FJx4hTkq8WGqhGEvn5UuRH8jMkExg==
  
  "@esbuild/android-x64@0.17.7":
    version "0.17.7"
    resolved "https://registry.yarnpkg.com/@esbuild/android-x64/-/android-x64-0.17.7.tgz#34a1af914510ec821246859f8ae7d8fe843dd37b"
    integrity sha512-6YILpPvop1rPAvaO/n2iWQL45RyTVTR/1SK7P6Xi2fyu+hpEeX22fE2U2oJd1sfpovUJOWTRdugjddX6QCup3A==
  
  "@esbuild/darwin-arm64@0.17.7":
    version "0.17.7"
    resolved "https://registry.yarnpkg.com/@esbuild/darwin-arm64/-/darwin-arm64-0.17.7.tgz#06712059a30a6130eef701fb634883a4aaea02f7"
    integrity sha512-7i0gfFsDt1BBiurZz5oZIpzfxqy5QkJmhXdtrf2Hma/gI9vL2AqxHhRBoI1NeWc9IhN1qOzWZrslhiXZweMSFg==
  
  "@esbuild/darwin-x64@0.17.7":
    version "0.17.7"
    resolved "https://registry.yarnpkg.com/@esbuild/darwin-x64/-/darwin-x64-0.17.7.tgz#58cd69d00d5b9847ad2015858a7ec3f10bf309ad"
    integrity sha512-hRvIu3vuVIcv4SJXEKOHVsNssM5tLE2xWdb9ZyJqsgYp+onRa5El3VJ4+WjTbkf/A2FD5wuMIbO2FCTV39LE0w==
  
  "@esbuild/freebsd-arm64@0.17.7":
    version "0.17.7"
    resolved "https://registry.yarnpkg.com/@esbuild/freebsd-arm64/-/freebsd-arm64-0.17.7.tgz#1dd3de24a9683c8321a4e3c42b11b32a48e791d4"
    integrity sha512-2NJjeQ9kiabJkVXLM3sHkySqkL1KY8BeyLams3ITyiLW10IwDL0msU5Lq1cULCn9zNxt1Seh1I6QrqyHUvOtQw==
  
  "@esbuild/freebsd-x64@0.17.7":
    version "0.17.7"
    resolved "https://registry.yarnpkg.com/@esbuild/freebsd-x64/-/freebsd-x64-0.17.7.tgz#b0e409e1c7cc05412c8dd149c2c39e0a1dee9567"
    integrity sha512-8kSxlbjuLYMoIgvRxPybirHJeW45dflyIgHVs+jzMYJf87QOay1ZUTzKjNL3vqHQjmkSn8p6KDfHVrztn7Rprw==
  
  "@esbuild/linux-arm64@0.17.7":
    version "0.17.7"
    resolved "https://registry.yarnpkg.com/@esbuild/linux-arm64/-/linux-arm64-0.17.7.tgz#35cfae28e460b96ccc027eccc28b13c0712d6df3"
    integrity sha512-43Bbhq3Ia/mGFTCRA4NlY8VRH3dLQltJ4cqzhSfq+cdvdm9nKJXVh4NUkJvdZgEZIkf/ufeMmJ0/22v9btXTcw==
  
  "@esbuild/linux-arm@0.17.7":
    version "0.17.7"
    resolved "https://registry.yarnpkg.com/@esbuild/linux-arm/-/linux-arm-0.17.7.tgz#a378301c253ef64d19a112c9ec922680c2fb5a71"
    integrity sha512-07RsAAzznWqdfJC+h3L2UVWwnUHepsFw5GmzySnUspHHb7glJ1+47rvlcH0SeUtoVOs8hF4/THgZbtJRyALaJA==
  
  "@esbuild/linux-ia32@0.17.7":
    version "0.17.7"
    resolved "https://registry.yarnpkg.com/@esbuild/linux-ia32/-/linux-ia32-0.17.7.tgz#7d36087db95b1faaee8df203c511775a4d322a2b"
    integrity sha512-ViYkfcfnbwOoTS7xE4DvYFv7QOlW8kPBuccc4erJ0jx2mXDPR7e0lYOH9JelotS9qe8uJ0s2i3UjUvjunEp53A==
  
  "@esbuild/linux-loong64@0.17.7":
    version "0.17.7"
    resolved "https://registry.yarnpkg.com/@esbuild/linux-loong64/-/linux-loong64-0.17.7.tgz#b989253520308d81ee0e4846de9f63f2f11c7f10"
    integrity sha512-H1g+AwwcqYQ/Hl/sMcopRcNLY/fysIb/ksDfCa3/kOaHQNhBrLeDYw+88VAFV5U6oJL9GqnmUj72m9Nv3th3hA==
  
  "@esbuild/linux-mips64el@0.17.7":
    version "0.17.7"
    resolved "https://registry.yarnpkg.com/@esbuild/linux-mips64el/-/linux-mips64el-0.17.7.tgz#ae751365cdf967dfa89dd59cdb0dcc8723a66f9a"
    integrity sha512-MDLGrVbTGYtmldlbcxfeDPdhxttUmWoX3ovk9u6jc8iM+ueBAFlaXKuUMCoyP/zfOJb+KElB61eSdBPSvNcCEg==
  
  "@esbuild/linux-ppc64@0.17.7":
    version "0.17.7"
    resolved "https://registry.yarnpkg.com/@esbuild/linux-ppc64/-/linux-ppc64-0.17.7.tgz#ad1c9299c463f0409e57166e76e91afb6193ea9f"
    integrity sha512-UWtLhRPKzI+v2bKk4j9rBpGyXbLAXLCOeqt1tLVAt1mfagHpFjUzzIHCpPiUfY3x1xY5e45/+BWzGpqqvSglNw==
  
  "@esbuild/linux-riscv64@0.17.7":
    version "0.17.7"
    resolved "https://registry.yarnpkg.com/@esbuild/linux-riscv64/-/linux-riscv64-0.17.7.tgz#84acb7451bef7458e6067d9c358026ffa1831910"
    integrity sha512-3C/RTKqZauUwBYtIQAv7ELTJd+H2dNKPyzwE2ZTbz2RNrNhNHRoeKnG5C++eM6nSZWUCLyyaWfq1v1YRwBS/+A==
  
  "@esbuild/linux-s390x@0.17.7":
    version "0.17.7"
    resolved "https://registry.yarnpkg.com/@esbuild/linux-s390x/-/linux-s390x-0.17.7.tgz#0bf23c78c52ea60ae4ea95239b728683a86a7ab8"
    integrity sha512-x7cuRSCm998KFZqGEtSo8rI5hXLxWji4znZkBhg2FPF8A8lxLLCsSXe2P5utf0RBQflb3K97dkEH/BJwTqrbDw==
  
  "@esbuild/linux-x64@0.17.7":
    version "0.17.7"
    resolved "https://registry.yarnpkg.com/@esbuild/linux-x64/-/linux-x64-0.17.7.tgz#932d8c6e1b0d6a57a4e94a8390dfebeebba21dcc"
    integrity sha512-1Z2BtWgM0Wc92WWiZR5kZ5eC+IetI++X+nf9NMbUvVymt74fnQqwgM5btlTW7P5uCHfq03u5MWHjIZa4o+TnXQ==
  
  "@esbuild/netbsd-x64@0.17.7":
    version "0.17.7"
    resolved "https://registry.yarnpkg.com/@esbuild/netbsd-x64/-/netbsd-x64-0.17.7.tgz#6aa81873c6e08aa419378e07c8d3eed5aa77bf25"
    integrity sha512-//VShPN4hgbmkDjYNCZermIhj8ORqoPNmAnwSPqPtBB0xOpHrXMlJhsqLNsgoBm0zi/5tmy//WyL6g81Uq2c6Q==
  
  "@esbuild/openbsd-x64@0.17.7":
    version "0.17.7"
    resolved "https://registry.yarnpkg.com/@esbuild/openbsd-x64/-/openbsd-x64-0.17.7.tgz#0698f260250a7022e2cae7385cbd09a86eb0967c"
    integrity sha512-IQ8BliXHiOsbQEOHzc7mVLIw2UYPpbOXJQ9cK1nClNYQjZthvfiA6rWZMz4BZpVzHZJ+/H2H23cZwRJ1NPYOGg==
  
  "@esbuild/sunos-x64@0.17.7":
    version "0.17.7"
    resolved "https://registry.yarnpkg.com/@esbuild/sunos-x64/-/sunos-x64-0.17.7.tgz#ef97445672deec50e3b3549af2ee6d42fbc04250"
    integrity sha512-phO5HvU3SyURmcW6dfQXX4UEkFREUwaoiTgi1xH+CAFKPGsrcG6oDp1U70yQf5lxRKujoSCEIoBr0uFykJzN2g==
  
  "@esbuild/win32-arm64@0.17.7":
    version "0.17.7"
    resolved "https://registry.yarnpkg.com/@esbuild/win32-arm64/-/win32-arm64-0.17.7.tgz#70865d2332d7883e2e49077770adfe51c51343e3"
    integrity sha512-G/cRKlYrwp1B0uvzEdnFPJ3A6zSWjnsRrWivsEW0IEHZk+czv0Bmiwa51RncruHLjQ4fGsvlYPmCmwzmutPzHA==
  
  "@esbuild/win32-ia32@0.17.7":
    version "0.17.7"
    resolved "https://registry.yarnpkg.com/@esbuild/win32-ia32/-/win32-ia32-0.17.7.tgz#39831b787013c7da7e61c8eb6a9df0fed9bd0fcb"
    integrity sha512-/yMNVlMew07NrOflJdRAZcMdUoYTOCPbCHx0eHtg55l87wXeuhvYOPBQy5HLX31Ku+W2XsBD5HnjUjEUsTXJug==
  
  "@esbuild/win32-x64@0.17.7":
    version "0.17.7"
    resolved "https://registry.yarnpkg.com/@esbuild/win32-x64/-/win32-x64-0.17.7.tgz#03b231fcfa0702562978979468dfc8b09b55ac59"
    integrity sha512-K9/YybM6WZO71x73Iyab6mwieHtHjm9hrPR/a9FBPZmFO3w+fJaM2uu2rt3JYf/rZR24MFwTliI8VSoKKOtYtg==
  
  "@sapphire/async-queue@^1.5.0":
    version "1.5.0"
    resolved "https://registry.yarnpkg.com/@sapphire/async-queue/-/async-queue-1.5.0.tgz#2f255a3f186635c4fb5a2381e375d3dfbc5312d8"
    integrity sha512-JkLdIsP8fPAdh9ZZjrbHWR/+mZj0wvKS5ICibcLrRI1j84UmLMshx5n9QmL8b95d4onJ2xxiyugTgSAX7AalmA==
  
  "@sapphire/shapeshift@^3.7.1":
    version "3.8.1"
    resolved "https://registry.yarnpkg.com/@sapphire/shapeshift/-/shapeshift-3.8.1.tgz#b98dc6a7180f9b38219267917b2e6fa33f9ec656"
    integrity sha512-xG1oXXBhCjPKbxrRTlox9ddaZTvVpOhYLmKmApD/vIWOV1xEYXnpoFs68zHIZBGbqztq6FrUPNPerIrO1Hqeaw==
    dependencies:
      fast-deep-equal "^3.1.3"
      lodash "^4.17.21"
  
  "@sapphire/snowflake@^3.2.2":
    version "3.4.0"
    resolved "https://registry.yarnpkg.com/@sapphire/snowflake/-/snowflake-3.4.0.tgz#25c012158a9feea2256c718985dbd6c1859a5022"
    integrity sha512-zZxymtVO6zeXVMPds+6d7gv/OfnCc25M1Z+7ZLB0oPmeMTPeRWVPQSS16oDJy5ZsyCOLj7M6mbZml5gWXcVRNw==
  
  "@tokenizer/token@^0.3.0":
    version "0.3.0"
    resolved "https://registry.yarnpkg.com/@tokenizer/token/-/token-0.3.0.tgz#fe98a93fe789247e998c75e74e9c7c63217aa276"
    integrity sha512-OvjF+z51L3ov0OyAU0duzsYuvO01PH7x4t6DJx+guahgTnBHkhJdG7soQeTSFLWN3efnHyibZ4Z8l2EuWwJN3A==
  
  "@types/node@*":
    version "18.13.0"
    resolved "https://registry.yarnpkg.com/@types/node/-/node-18.13.0.tgz#0400d1e6ce87e9d3032c19eb6c58205b0d3f7850"
    integrity sha512-gC3TazRzGoOnoKAhUx+Q0t8S9Tzs74z7m0ipwGpSqQrleP14hKxP4/JUeEQcD3W1/aIpnWl8pHowI7WokuZpXg==
  
  "@types/ws@^8.5.3":
    version "8.5.4"
    resolved "https://registry.yarnpkg.com/@types/ws/-/ws-8.5.4.tgz#bb10e36116d6e570dd943735f86c933c1587b8a5"
    integrity sha512-zdQDHKUgcX/zBc4GrwsE/7dVdAD8JR4EuiAXiiUhhfyIJXXb2+PrGshFyeXWQPMmmZ2XxgaqclgpIC7eTXc1mg==
    dependencies:
      "@types/node" "*"
  
  buffer-from@^1.0.0:
    version "1.1.2"
    resolved "https://registry.yarnpkg.com/buffer-from/-/buffer-from-1.1.2.tgz#2b146a6fd72e80b4f55d255f35ed59a3a9a41bd5"
    integrity sha512-E+XQCRwSbaaiChtv6k6Dwgc+bx+Bs6vuKJHHl5kox/BaKbhiXzqQOwK4cO22yElGp2OCmjwVhT3HmxgyPGnJfQ==
  
  busboy@^1.6.0:
    version "1.6.0"
    resolved "https://registry.yarnpkg.com/busboy/-/busboy-1.6.0.tgz#966ea36a9502e43cdb9146962523b92f531f6893"
    integrity sha512-8SFQbg/0hQ9xy3UNTB0YEnsNBbWfhf7RtnzpL7TkBiTBRfrQ9Fxcnz7VJsleJpyp6rVLvXiuORqjlHi5q+PYuA==
    dependencies:
      streamsearch "^1.1.0"
  
  discord-api-types@^0.37.20, discord-api-types@^0.37.23:
    version "0.37.33"
    resolved "https://registry.yarnpkg.com/discord-api-types/-/discord-api-types-0.37.33.tgz#35985992a45dc983f59927cf2ec55b9fc36213bf"
    integrity sha512-ZMH5RU3q1pvYS+2wGUJ5Zvy8jMGTQ4wCpbDlIQDkbIL/k6kJwBPsXnCg81g2GywlOuf0f8ezakxVSe+sZuY6ig==
  
  discord.js@^14.7.1:
    version "14.7.1"
    resolved "https://registry.yarnpkg.com/discord.js/-/discord.js-14.7.1.tgz#26079d0ff4d27daf02480a403c456121f0682bd9"
    integrity sha512-1FECvqJJjjeYcjSm0IGMnPxLqja/pmG1B0W2l3lUY2Gi4KXiyTeQmU1IxWcbXHn2k+ytP587mMWqva2IA87EbA==
    dependencies:
      "@discordjs/builders" "^1.4.0"
      "@discordjs/collection" "^1.3.0"
      "@discordjs/rest" "^1.4.0"
      "@discordjs/util" "^0.1.0"
      "@sapphire/snowflake" "^3.2.2"
      "@types/ws" "^8.5.3"
      discord-api-types "^0.37.20"
      fast-deep-equal "^3.1.3"
      lodash.snakecase "^4.1.1"
      tslib "^2.4.1"
      undici "^5.13.0"
      ws "^8.11.0"
  
  dotenv@^16.0.3:
    version "16.0.3"
    resolved "https://registry.yarnpkg.com/dotenv/-/dotenv-16.0.3.tgz#115aec42bac5053db3c456db30cc243a5a836a07"
    integrity sha512-7GO6HghkA5fYG9TYnNxi14/7K9f5occMlp3zXAuSxn7CKCxt9xbNWG7yF8hTCSUchlfWSe3uLmlPfigevRItzQ==
  
  esbuild@~0.17.6:
    version "0.17.7"
    resolved "https://registry.yarnpkg.com/esbuild/-/esbuild-0.17.7.tgz#a7ace55f2bf82fdb1c9013a924620ce2596984fa"
    integrity sha512-+5hHlrK108fT6C6/40juy0w4DYKtyZ5NjfBlTccBdsFutR7WBxpIY633JzZJewdsCy8xWA/u2z0MSniIJwufYg==
    optionalDependencies:
      "@esbuild/android-arm" "0.17.7"
      "@esbuild/android-arm64" "0.17.7"
      "@esbuild/android-x64" "0.17.7"
      "@esbuild/darwin-arm64" "0.17.7"
      "@esbuild/darwin-x64" "0.17.7"
      "@esbuild/freebsd-arm64" "0.17.7"
      "@esbuild/freebsd-x64" "0.17.7"
      "@esbuild/linux-arm" "0.17.7"
      "@esbuild/linux-arm64" "0.17.7"
      "@esbuild/linux-ia32" "0.17.7"
      "@esbuild/linux-loong64" "0.17.7"
      "@esbuild/linux-mips64el" "0.17.7"
      "@esbuild/linux-ppc64" "0.17.7"
      "@esbuild/linux-riscv64" "0.17.7"
      "@esbuild/linux-s390x" "0.17.7"
      "@esbuild/linux-x64" "0.17.7"
      "@esbuild/netbsd-x64" "0.17.7"
      "@esbuild/openbsd-x64" "0.17.7"
      "@esbuild/sunos-x64" "0.17.7"
      "@esbuild/win32-arm64" "0.17.7"
      "@esbuild/win32-ia32" "0.17.7"
      "@esbuild/win32-x64" "0.17.7"
  
  fast-deep-equal@^3.1.3:
    version "3.1.3"
    resolved "https://registry.yarnpkg.com/fast-deep-equal/-/fast-deep-equal-3.1.3.tgz#3a7d56b559d6cbc3eb512325244e619a65c6c525"
    integrity sha512-f3qQ9oQy9j2AhBe/H9VC91wLmKBCCU/gDOnKNAYG5hswO7BLKj09Hc5HYNz9cGI++xlpDCIgDaitVs03ATR84Q==
  
  file-type@^18.0.0:
    version "18.2.0"
    resolved "https://registry.yarnpkg.com/file-type/-/file-type-18.2.0.tgz#c2abec00d1af0f09151e1549e3588aab0bac5001"
    integrity sha512-M3RQMWY3F2ykyWZ+IHwNCjpnUmukYhtdkGGC1ZVEUb0ve5REGF7NNJ4Q9ehCUabtQKtSVFOMbFTXgJlFb0DQIg==
    dependencies:
      readable-web-to-node-stream "^3.0.2"
      strtok3 "^7.0.0"
      token-types "^5.0.1"
  
  fsevents@~2.3.2:
    version "2.3.2"
    resolved "https://registry.yarnpkg.com/fsevents/-/fsevents-2.3.2.tgz#8a526f78b8fdf4623b709e0b975c52c24c02fd1a"
    integrity sha512-xiqMQR4xAeHTuB9uWm+fFRcIOgKBMiOBP+eXiyT7jsgVCq1bkVygt00oASowB7EdtpOHaaPgKt812P9ab+DDKA==
  
  get-tsconfig@^4.4.0:
    version "4.4.0"
    resolved "https://registry.yarnpkg.com/get-tsconfig/-/get-tsconfig-4.4.0.tgz#64eee64596668a81b8fce18403f94f245ee0d4e5"
    integrity sha512-0Gdjo/9+FzsYhXCEFueo2aY1z1tpXrxWZzP7k8ul9qt1U5o8rYJwTJYmaeHdrVosYIVYkOy2iwCJ9FdpocJhPQ==
  
  ieee754@^1.2.1:
    version "1.2.1"
    resolved "https://registry.yarnpkg.com/ieee754/-/ieee754-1.2.1.tgz#8eb7a10a63fff25d15a57b001586d177d1b0d352"
    integrity sha512-dcyqhDvX1C46lXZcVqCpK+FtMRQVdIMN6/Df5js2zouUsqG7I6sFxitIC+7KYK29KdXOLHdu9zL4sFnoVQnqaA==
  
  inherits@^2.0.3:
    version "2.0.4"
    resolved "https://registry.yarnpkg.com/inherits/-/inherits-2.0.4.tgz#0fa2c64f932917c3433a0ded55363aae37416b7c"
    integrity sha512-k/vGaX4/Yla3WzyMCvTQOXYeIHvqOKtnqBduzTHpzpQZzAskKMhZ2K+EnBiSM9zGSoIFeMpXKxa4dYeZIQqewQ==
  
  lodash.snakecase@^4.1.1:
    version "4.1.1"
    resolved "https://registry.yarnpkg.com/lodash.snakecase/-/lodash.snakecase-4.1.1.tgz#39d714a35357147837aefd64b5dcbb16becd8f8d"
    integrity sha512-QZ1d4xoBHYUeuouhEq3lk3Uq7ldgyFXGBhg04+oRLnIz8o9T65Eh+8YdroUwn846zchkA9yDsDl5CVVaV2nqYw==
  
  lodash@^4.17.21:
    version "4.17.21"
    resolved "https://registry.yarnpkg.com/lodash/-/lodash-4.17.21.tgz#679591c564c3bffaae8454cf0b3df370c3d6911c"
    integrity sha512-v2kDEe57lecTulaDIuNTPy3Ry4gLGJ6Z1O3vE1krgXZNrsQ+LFTGHVxVjcXPs17LhbZVGedAJv8XZ1tvj5FvSg==
  
  peek-readable@^5.0.0:
    version "5.0.0"
    resolved "https://registry.yarnpkg.com/peek-readable/-/peek-readable-5.0.0.tgz#7ead2aff25dc40458c60347ea76cfdfd63efdfec"
    integrity sha512-YtCKvLUOvwtMGmrniQPdO7MwPjgkFBtFIrmfSbYmYuq3tKDV/mcfAhBth1+C3ru7uXIZasc/pHnb+YDYNkkj4A==
  
  readable-stream@^3.6.0:
    version "3.6.0"
    resolved "https://registry.yarnpkg.com/readable-stream/-/readable-stream-3.6.0.tgz#337bbda3adc0706bd3e024426a286d4b4b2c9198"
    integrity sha512-BViHy7LKeTz4oNnkcLJ+lVSL6vpiFeX6/d3oSH8zCW7UxP2onchk+vTGB143xuFjHS3deTgkKoXXymXqymiIdA==
    dependencies:
      inherits "^2.0.3"
      string_decoder "^1.1.1"
      util-deprecate "^1.0.1"
  
  readable-web-to-node-stream@^3.0.2:
    version "3.0.2"
    resolved "https://registry.yarnpkg.com/readable-web-to-node-stream/-/readable-web-to-node-stream-3.0.2.tgz#5d52bb5df7b54861fd48d015e93a2cb87b3ee0bb"
    integrity sha512-ePeK6cc1EcKLEhJFt/AebMCLL+GgSKhuygrZ/GLaKZYEecIgIECf4UaUuaByiGtzckwR4ain9VzUh95T1exYGw==
    dependencies:
      readable-stream "^3.6.0"
  
  safe-buffer@~5.2.0:
    version "5.2.1"
    resolved "https://registry.yarnpkg.com/safe-buffer/-/safe-buffer-5.2.1.tgz#1eaf9fa9bdb1fdd4ec75f58f9cdb4e6b7827eec6"
    integrity sha512-rp3So07KcdmmKbGvgaNxQSJr7bGVSVk5S9Eq1F+ppbRo70+YeaDxkw5Dd8NPN+GD6bjnYm2VuPuCXmpuYvmCXQ==
  
  source-map-support@^0.5.21:
    version "0.5.21"
    resolved "https://registry.yarnpkg.com/source-map-support/-/source-map-support-0.5.21.tgz#04fe7c7f9e1ed2d662233c28cb2b35b9f63f6e4f"
    integrity sha512-uBHU3L3czsIyYXKX88fdrGovxdSCoTGDRZ6SYXtSRxLZUzHg5P/66Ht6uoUlHu9EZod+inXhKo3qQgwXUT/y1w==
    dependencies:
      buffer-from "^1.0.0"
      source-map "^0.6.0"
  
  source-map@^0.6.0:
    version "0.6.1"
    resolved "https://registry.yarnpkg.com/source-map/-/source-map-0.6.1.tgz#74722af32e9614e9c287a8d0bbde48b5e2f1a263"
    integrity sha512-UjgapumWlbMhkBgzT7Ykc5YXUT46F0iKu8SGXq0bcwP5dz/h0Plj6enJqjz1Zbq2l5WaqYnrVbwWOWMyF3F47g==
  
  streamsearch@^1.1.0:
    version "1.1.0"
    resolved "https://registry.yarnpkg.com/streamsearch/-/streamsearch-1.1.0.tgz#404dd1e2247ca94af554e841a8ef0eaa238da764"
    integrity sha512-Mcc5wHehp9aXz1ax6bZUyY5afg9u2rv5cqQI3mRrYkGC8rW2hM02jWuwjtL++LS5qinSyhj2QfLyNsuc+VsExg==
  
  string_decoder@^1.1.1:
    version "1.3.0"
    resolved "https://registry.yarnpkg.com/string_decoder/-/string_decoder-1.3.0.tgz#42f114594a46cf1a8e30b0a84f56c78c3edac21e"
    integrity sha512-hkRX8U1WjJFd8LsDJ2yQ/wWWxaopEsABU1XfkM8A+j0+85JAGppt16cr1Whg6KIbb4okU6Mql6BOj+uup/wKeA==
    dependencies:
      safe-buffer "~5.2.0"
  
  strtok3@^7.0.0:
    version "7.0.0"
    resolved "https://registry.yarnpkg.com/strtok3/-/strtok3-7.0.0.tgz#868c428b4ade64a8fd8fee7364256001c1a4cbe5"
    integrity sha512-pQ+V+nYQdC5H3Q7qBZAz/MO6lwGhoC2gOAjuouGf/VO0m7vQRh8QNMl2Uf6SwAtzZ9bOw3UIeBukEGNJl5dtXQ==
    dependencies:
      "@tokenizer/token" "^0.3.0"
      peek-readable "^5.0.0"
  
  token-types@^5.0.1:
    version "5.0.1"
    resolved "https://registry.yarnpkg.com/token-types/-/token-types-5.0.1.tgz#aa9d9e6b23c420a675e55413b180635b86a093b4"
    integrity sha512-Y2fmSnZjQdDb9W4w4r1tswlMHylzWIeOKpx0aZH9BgGtACHhrk3OkT52AzwcuqTRBZtvvnTjDBh8eynMulu8Vg==
    dependencies:
      "@tokenizer/token" "^0.3.0"
      ieee754 "^1.2.1"
  
  ts-mixer@^6.0.2:
    version "6.0.3"
    resolved "https://registry.yarnpkg.com/ts-mixer/-/ts-mixer-6.0.3.tgz#69bd50f406ff39daa369885b16c77a6194c7cae6"
    integrity sha512-k43M7uCG1AkTyxgnmI5MPwKoUvS/bRvLvUb7+Pgpdlmok8AoqmUaZxUUw8zKM5B1lqZrt41GjYgnvAi0fppqgQ==
  
  tsc@^2.0.4:
    version "2.0.4"
    resolved "https://registry.yarnpkg.com/tsc/-/tsc-2.0.4.tgz#5f6499146abea5dca4420b451fa4f2f9345238f5"
    integrity sha512-fzoSieZI5KKJVBYGvwbVZs/J5za84f2lSTLPYf6AGiIf43tZ3GNrI1QzTLcjtyDDP4aLxd46RTZq1nQxe7+k5Q==
  
  tslib@^2.4.1:
    version "2.5.0"
    resolved "https://registry.yarnpkg.com/tslib/-/tslib-2.5.0.tgz#42bfed86f5787aeb41d031866c8f402429e0fddf"
    integrity sha512-336iVw3rtn2BUK7ORdIAHTyxHGRIHVReokCR3XjbckJMK7ms8FysBfhLR8IXnAgy7T0PTPNBWKiH514FOW/WSg==
  
  tsx@^3.12.3:
    version "3.12.3"
    resolved "https://registry.yarnpkg.com/tsx/-/tsx-3.12.3.tgz#b29f6c9246d4e3ea46451cd81d7cbc98f45c4b8a"
    integrity sha512-Wc5BFH1xccYTXaQob+lEcimkcb/Pq+0en2s+ruiX0VEIC80nV7/0s7XRahx8NnsoCnpCVUPz8wrqVSPi760LkA==
    dependencies:
      "@esbuild-kit/cjs-loader" "^2.4.2"
      "@esbuild-kit/core-utils" "^3.0.0"
      "@esbuild-kit/esm-loader" "^2.5.5"
    optionalDependencies:
      fsevents "~2.3.2"
  
  typescript@^4.9.5:
    version "4.9.5"
    resolved "https://registry.yarnpkg.com/typescript/-/typescript-4.9.5.tgz#095979f9bcc0d09da324d58d03ce8f8374cbe65a"
    integrity sha512-1FXk9E2Hm+QzZQ7z+McJiHL4NW1F2EzMu9Nq9i3zAaGqibafqYwCVU6WyWAuyQRRzOlxou8xZSyXLEN8oKj24g==
  
  undici@^5.13.0:
    version "5.18.0"
    resolved "https://registry.yarnpkg.com/undici/-/undici-5.18.0.tgz#e88a77a74d991a30701e9a6751e4193a26fabda9"
    integrity sha512-1iVwbhonhFytNdg0P4PqyIAXbdlVZVebtPDvuM36m66mRw4OGrCm2MYynJv/UENFLdP13J1nPVQzVE2zTs1OeA==
    dependencies:
      busboy "^1.6.0"
  
  util-deprecate@^1.0.1:
    version "1.0.2"
    resolved "https://registry.yarnpkg.com/util-deprecate/-/util-deprecate-1.0.2.tgz#450d4dc9fa70de732762fbd2d4a28981419a0ccf"
    integrity sha512-EPD5q1uXyFxJpCrLnCc1nHnq3gOa6DZBocAIiI2TaSCA7VCJ1UJDMagCzIkXNsUYfD1daK//LTEQ8xiIbrHtcw==
  
  ws@^8.11.0:
    version "8.12.0"
    resolved "https://registry.yarnpkg.com/ws/-/ws-8.12.0.tgz#485074cc392689da78e1828a9ff23585e06cddd8"
    integrity sha512-kU62emKIdKVeEIOIKVegvqpXMSTAMLJozpHZaJNDYqBjzlSYXQGviYwN1osDLJ9av68qHd4a2oSjd7yD4pacig==
  
  zod@^3.20.6:
    version "3.20.6"
    resolved "https://registry.yarnpkg.com/zod/-/zod-3.20.6.tgz#2f2f08ff81291d47d99e86140fedb4e0db08361a"
    integrity sha512-oyu0m54SGCtzh6EClBVqDDlAYRz4jrVtKwQ7ZnsEmMI9HnzuZFj8QFwAY1M5uniIYACdGvv0PBWPF2kO0aNofA==
